[1218/081635.261:ERROR:process_reader_win.cc(123)] NtOpenThread: {Access Denied} A process has requested access to an object, but has not been granted those access rights. (0xc0000022)
[1218/081635.278:ERROR:exception_snapshot_win.cc(98)] thread ID 9288 not found in process
[1218/081635.437:ERROR:process_reader_win.cc(123)] NtOpenThread: {Access Denied} A process has requested access to an object, but has not been granted those access rights. (0xc0000022)
[1218/081635.439:ERROR:exception_snapshot_win.cc(98)] thread ID 7888 not found in process
[1227/234222.468:ERROR:process_reader_win.cc(151)] SuspendThread: Access is denied. (0x5)
[1227/234222.470:ERROR:process_reader_win.cc(151)] SuspendThread: Access is denied. (0x5)
[1227/234222.471:ERROR:process_reader_win.cc(151)] SuspendThread: Access is denied. (0x5)
[1227/234222.471:ERROR:process_reader_win.cc(123)] NtOpenThread: {Access Denied} A process has requested access to an object, but has not been granted those access rights. (0xc0000022)
[1227/234222.471:ERROR:exception_snapshot_win.cc(98)] thread ID 17468 not found in process
[1227/234222.488:ERROR:process_reader_win.cc(151)] SuspendThread: Access is denied. (0x5)
[1227/234222.488:ERROR:process_reader_win.cc(151)] SuspendThread: Access is denied. (0x5)
[1227/234222.489:ERROR:process_reader_win.cc(151)] SuspendThread: Access is denied. (0x5)
[1227/234222.489:ERROR:process_reader_win.cc(151)] SuspendThread: Access is denied. (0x5)
[1227/234222.489:ERROR:process_reader_win.cc(151)] SuspendThread: Access is denied. (0x5)
[1227/234222.489:ERROR:process_reader_win.cc(151)] SuspendThread: Access is denied. (0x5)
[1227/234222.489:ERROR:process_reader_win.cc(151)] SuspendThread: Access is denied. (0x5)
[1227/234222.489:ERROR:process_reader_win.cc(151)] SuspendThread: Access is denied. (0x5)
[1227/234222.488:ERROR:process_reader_win.cc(151)] SuspendThread: Access is denied. (0x5)
[1227/234222.489:ERROR:process_reader_win.cc(151)] SuspendThread: Access is denied. (0x5)
[1227/234222.489:ERROR:process_reader_win.cc(151)] SuspendThread: Access is denied. (0x5)
[1227/234222.489:ERROR:process_reader_win.cc(151)] SuspendThread: Access is denied. (0x5)
[1227/234222.489:ERROR:process_reader_win.cc(123)] NtOpenThread: {Access Denied} A process has requested access to an object, but has not been granted those access rights. (0xc0000022)
[1227/234222.489:ERROR:process_reader_win.cc(151)] SuspendThread: Access is denied. (0x5)
[1227/234222.489:ERROR:exception_snapshot_win.cc(98)] thread ID 17448 not found in process
[1227/234222.489:ERROR:process_reader_win.cc(151)] SuspendThread: Access is denied. (0x5)
[1227/234222.489:ERROR:process_reader_win.cc(151)] SuspendThread: Access is denied. (0x5)
[1227/234222.489:ERROR:process_reader_win.cc(151)] SuspendThread: Access is denied. (0x5)
[1227/234222.489:ERROR:process_reader_win.cc(151)] SuspendThread: Access is denied. (0x5)
[1227/234222.489:ERROR:process_reader_win.cc(151)] SuspendThread: Access is denied. (0x5)
[1227/234222.489:ERROR:process_reader_win.cc(151)] SuspendThread: Access is denied. (0x5)
[1227/234222.489:ERROR:process_reader_win.cc(151)] SuspendThread: Access is denied. (0x5)
[1227/234222.489:ERROR:process_reader_win.cc(151)] SuspendThread: Access is denied. (0x5)
[1227/234222.489:ERROR:process_reader_win.cc(151)] SuspendThread: Access is denied. (0x5)
[1227/234222.489:ERROR:process_reader_win.cc(151)] SuspendThread: Access is denied. (0x5)
[1227/234222.489:ERROR:process_reader_win.cc(151)] SuspendThread: Access is denied. (0x5)
[1227/234222.489:ERROR:process_reader_win.cc(151)] SuspendThread: Access is denied. (0x5)
[1227/234222.489:ERROR:process_reader_win.cc(151)] SuspendThread: Access is denied. (0x5)
[1227/234222.489:ERROR:process_reader_win.cc(151)] SuspendThread: Access is denied. (0x5)
[1227/234222.489:ERROR:process_reader_win.cc(151)] SuspendThread: Access is denied. (0x5)
[1227/234222.489:ERROR:process_reader_win.cc(151)] SuspendThread: Access is denied. (0x5)
[1227/234222.489:ERROR:process_reader_win.cc(151)] SuspendThread: Access is denied. (0x5)
[1227/234222.489:ERROR:process_reader_win.cc(151)] SuspendThread: Access is denied. (0x5)
[1227/234222.489:ERROR:process_reader_win.cc(151)] SuspendThread: Access is denied. (0x5)
[1227/234222.489:ERROR:process_reader_win.cc(151)] SuspendThread: Access is denied. (0x5)
[1227/234222.489:ERROR:process_reader_win.cc(151)] SuspendThread: Access is denied. (0x5)
[1227/234222.489:ERROR:process_reader_win.cc(151)] SuspendThread: Access is denied. (0x5)
[1227/234222.489:ERROR:process_reader_win.cc(151)] SuspendThread: Access is denied. (0x5)
[1227/234222.489:ERROR:process_reader_win.cc(151)] SuspendThread: Access is denied. (0x5)
[1227/234222.489:ERROR:process_reader_win.cc(151)] SuspendThread: Access is denied. (0x5)
[1227/234222.489:ERROR:process_reader_win.cc(151)] SuspendThread: Access is denied. (0x5)
[1227/234222.489:ERROR:process_reader_win.cc(151)] SuspendThread: Access is denied. (0x5)
[1227/234222.489:ERROR:process_reader_win.cc(151)] SuspendThread: Access is denied. (0x5)
[1227/234222.489:ERROR:process_reader_win.cc(151)] SuspendThread: Access is denied. (0x5)
[1227/234222.489:ERROR:process_reader_win.cc(151)] SuspendThread: Access is denied. (0x5)
[1227/234222.489:ERROR:process_reader_win.cc(151)] SuspendThread: Access is denied. (0x5)
[1227/234222.490:ERROR:process_reader_win.cc(151)] SuspendThread: Access is denied. (0x5)
[1227/234222.490:ERROR:process_reader_win.cc(151)] SuspendThread: Access is denied. (0x5)
[1227/234222.490:ERROR:process_reader_win.cc(151)] SuspendThread: Access is denied. (0x5)
[1227/234222.490:ERROR:process_reader_win.cc(151)] SuspendThread: Access is denied. (0x5)
[1227/234222.490:ERROR:process_reader_win.cc(151)] SuspendThread: Access is denied. (0x5)
[1227/234222.490:ERROR:process_reader_win.cc(151)] SuspendThread: Access is denied. (0x5)
[1227/234222.490:ERROR:process_reader_win.cc(151)] SuspendThread: Access is denied. (0x5)
[1227/234222.490:ERROR:process_reader_win.cc(151)] SuspendThread: Access is denied. (0x5)
[1227/234222.490:ERROR:process_reader_win.cc(151)] SuspendThread: Access is denied. (0x5)
[1227/234222.490:ERROR:process_reader_win.cc(151)] SuspendThread: Access is denied. (0x5)
[1227/234222.490:ERROR:process_reader_win.cc(151)] SuspendThread: Access is denied. (0x5)
[1227/234222.490:ERROR:process_reader_win.cc(151)] SuspendThread: Access is denied. (0x5)
[1227/234222.490:ERROR:process_reader_win.cc(151)] SuspendThread: Access is denied. (0x5)
[1227/234222.490:ERROR:process_reader_win.cc(151)] SuspendThread: Access is denied. (0x5)
[1227/234222.490:ERROR:process_reader_win.cc(151)] SuspendThread: Access is denied. (0x5)
[1227/234222.490:ERROR:process_reader_win.cc(151)] SuspendThread: Access is denied. (0x5)
[1227/234222.490:ERROR:process_reader_win.cc(151)] SuspendThread: Access is denied. (0x5)
[1227/234222.490:ERROR:process_reader_win.cc(151)] SuspendThread: Access is denied. (0x5)
[1227/234222.490:ERROR:process_reader_win.cc(151)] SuspendThread: Access is denied. (0x5)
[1227/234222.490:ERROR:process_reader_win.cc(151)] SuspendThread: Access is denied. (0x5)
[1227/234222.490:ERROR:process_reader_win.cc(151)] SuspendThread: Access is denied. (0x5)
[1227/234222.490:ERROR:process_reader_win.cc(151)] SuspendThread: Access is denied. (0x5)
[1227/234222.490:ERROR:process_reader_win.cc(151)] SuspendThread: Access is denied. (0x5)
[1227/234222.490:ERROR:process_reader_win.cc(151)] SuspendThread: Access is denied. (0x5)
[1227/234222.490:ERROR:process_reader_win.cc(151)] SuspendThread: Access is denied. (0x5)
[1227/234222.490:ERROR:process_reader_win.cc(151)] SuspendThread: Access is denied. (0x5)
[1227/234222.490:ERROR:process_reader_win.cc(151)] SuspendThread: Access is denied. (0x5)
[1227/234222.490:ERROR:process_reader_win.cc(151)] SuspendThread: Access is denied. (0x5)
[1227/234222.490:ERROR:process_reader_win.cc(151)] SuspendThread: Access is denied. (0x5)
[1227/234222.490:ERROR:process_reader_win.cc(151)] SuspendThread: Access is denied. (0x5)
[1227/234222.490:ERROR:process_reader_win.cc(151)] SuspendThread: Access is denied. (0x5)
[1227/234222.490:ERROR:process_reader_win.cc(151)] SuspendThread: Access is denied. (0x5)
[1227/234222.490:ERROR:process_reader_win.cc(151)] SuspendThread: Access is denied. (0x5)
[1227/234222.490:ERROR:process_reader_win.cc(151)] SuspendThread: Access is denied. (0x5)
[1227/234222.490:ERROR:process_reader_win.cc(151)] SuspendThread: Access is denied. (0x5)
[1227/234222.490:ERROR:process_reader_win.cc(151)] SuspendThread: Access is denied. (0x5)
[1227/234222.490:ERROR:process_reader_win.cc(151)] SuspendThread: Access is denied. (0x5)
[1227/234222.490:ERROR:process_reader_win.cc(151)] SuspendThread: Access is denied. (0x5)
[1227/234222.490:ERROR:process_reader_win.cc(151)] SuspendThread: Access is denied. (0x5)
[1227/234222.490:ERROR:process_reader_win.cc(151)] SuspendThread: Access is denied. (0x5)
[1227/234222.490:ERROR:process_reader_win.cc(151)] SuspendThread: Access is denied. (0x5)
[1227/234222.490:ERROR:process_reader_win.cc(151)] SuspendThread: Access is denied. (0x5)
[1227/234222.490:ERROR:process_reader_win.cc(151)] SuspendThread: Access is denied. (0x5)
[1227/234222.490:ERROR:process_reader_win.cc(123)] NtOpenThread: {Access Denied} A process has requested access to an object, but has not been granted those access rights. (0xc0000022)
[1227/234222.490:ERROR:exception_snapshot_win.cc(98)] thread ID 17520 not found in process
[1227/234222.490:ERROR:process_reader_win.cc(123)] NtOpenThread: {Access Denied} A process has requested access to an object, but has not been granted those access rights. (0xc0000022)
[1227/234222.491:ERROR:exception_snapshot_win.cc(98)] thread ID 17532 not found in process
[1227/234222.494:ERROR:process_reader_win.cc(151)] SuspendThread: Access is denied. (0x5)
[1227/234222.497:ERROR:process_reader_win.cc(151)] SuspendThread: Access is denied. (0x5)
[1227/234222.498:ERROR:process_reader_win.cc(151)] SuspendThread: Access is denied. (0x5)
[1227/234222.498:ERROR:process_reader_win.cc(151)] SuspendThread: Access is denied. (0x5)
[1227/234222.498:ERROR:process_reader_win.cc(151)] SuspendThread: Access is denied. (0x5)
[1227/234222.498:ERROR:process_reader_win.cc(123)] NtOpenThread: {Access Denied} A process has requested access to an object, but has not been granted those access rights. (0xc0000022)
[1227/234222.498:ERROR:exception_snapshot_win.cc(98)] thread ID 17500 not found in process
[1227/234222.520:ERROR:process_reader_win.cc(151)] SuspendThread: Access is denied. (0x5)
[1227/234222.521:ERROR:process_reader_win.cc(123)] NtOpenThread: {Access Denied} A process has requested access to an object, but has not been granted those access rights. (0xc0000022)
[1227/234222.521:ERROR:exception_snapshot_win.cc(98)] thread ID 17488 not found in process
<<<<<<< HEAD
[1228/002441.534:ERROR:process_reader_win.cc(151)] SuspendThread: Access is denied. (0x5)
[1228/002441.534:ERROR:process_reader_win.cc(151)] SuspendThread: Access is denied. (0x5)
[1228/002441.534:ERROR:process_reader_win.cc(151)] SuspendThread: Access is denied. (0x5)
[1228/002441.535:ERROR:process_reader_win.cc(151)] SuspendThread: Access is denied. (0x5)
[1228/002441.535:ERROR:process_reader_win.cc(123)] NtOpenThread: {Access Denied} A process has requested access to an object, but has not been granted those access rights. (0xc0000022)
[1228/002441.535:ERROR:exception_snapshot_win.cc(98)] thread ID 11664 not found in process
[1228/002441.536:ERROR:process_reader_win.cc(151)] SuspendThread: Access is denied. (0x5)
[1228/002441.537:ERROR:process_reader_win.cc(151)] SuspendThread: Access is denied. (0x5)
[1228/002441.537:ERROR:process_reader_win.cc(151)] SuspendThread: Access is denied. (0x5)
[1228/002441.537:ERROR:process_reader_win.cc(151)] SuspendThread: Access is denied. (0x5)
[1228/002441.537:ERROR:process_reader_win.cc(123)] NtOpenThread: {Access Denied} A process has requested access to an object, but has not been granted those access rights. (0xc0000022)
[1228/002441.537:ERROR:exception_snapshot_win.cc(98)] thread ID 18132 not found in process
[1228/002518.668:ERROR:process_reader_win.cc(151)] SuspendThread: Access is denied. (0x5)
[1228/002518.669:ERROR:process_reader_win.cc(151)] SuspendThread: Access is denied. (0x5)
[1228/002518.669:ERROR:process_reader_win.cc(151)] SuspendThread: Access is denied. (0x5)
[1228/002518.669:ERROR:process_reader_win.cc(151)] SuspendThread: Access is denied. (0x5)
[1228/002518.668:ERROR:process_reader_win.cc(151)] SuspendThread: Access is denied. (0x5)
[1228/002518.669:ERROR:process_reader_win.cc(151)] SuspendThread: Access is denied. (0x5)
[1228/002518.669:ERROR:process_reader_win.cc(151)] SuspendThread: Access is denied. (0x5)
[1228/002518.669:ERROR:process_reader_win.cc(151)] SuspendThread: Access is denied. (0x5)
[1228/002518.669:ERROR:process_reader_win.cc(123)] NtOpenThread: {Access Denied} A process has requested access to an object, but has not been granted those access rights. (0xc0000022)
[1228/002518.669:ERROR:exception_snapshot_win.cc(98)] thread ID 8164 not found in process
[1228/002518.669:ERROR:process_reader_win.cc(123)] NtOpenThread: {Access Denied} A process has requested access to an object, but has not been granted those access rights. (0xc0000022)
[1228/002518.670:ERROR:exception_snapshot_win.cc(98)] thread ID 14908 not found in process
[1228/002518.670:ERROR:process_reader_win.cc(151)] SuspendThread: Access is denied. (0x5)
[1228/002518.671:ERROR:process_reader_win.cc(151)] SuspendThread: Access is denied. (0x5)
[1228/002518.671:ERROR:process_reader_win.cc(151)] SuspendThread: Access is denied. (0x5)
[1228/002518.671:ERROR:process_reader_win.cc(151)] SuspendThread: Access is denied. (0x5)
[1228/002518.671:ERROR:process_reader_win.cc(123)] NtOpenThread: {Access Denied} A process has requested access to an object, but has not been granted those access rights. (0xc0000022)
[1228/002518.671:ERROR:exception_snapshot_win.cc(98)] thread ID 14004 not found in process
=======
>>>>>>> 08a068b9ffc9f413e7cbb0695d4a3b555d39324e
[1229/000810.150:ERROR:process_reader_win.cc(123)] NtOpenThread: {Access Denied} A process has requested access to an object, but has not been granted those access rights. (0xc0000022)
[1229/000810.151:ERROR:exception_snapshot_win.cc(98)] thread ID 2172 not found in process
[1229/000810.152:ERROR:process_reader_win.cc(123)] NtOpenThread: {Access Denied} A process has requested access to an object, but has not been granted those access rights. (0xc0000022)
[1229/000810.152:ERROR:exception_snapshot_win.cc(98)] thread ID 13032 not found in process
